<?xml version="1.0" encoding="UTF-8"?>
<robot generator="Robot 7.3.1 (Python 3.10.4 on win32)" generated="2025-07-10T14:39:55.880985" rpa="false" schemaversion="5">
<suite id="s1" name="Add Assessment Test" source="d:\Training_Auto\project_clo\test\add_assessment_test.robot">
<test id="s1-t1" name="Add Assessment Successfully" line="13">
<kw name="Open Browser" owner="SeleniumLibrary">
<msg time="2025-07-10T14:39:56.158261" level="INFO">Opening browser 'Chrome' to base url 'https://demo-clo.minds.vn/'.</msg>
<arg>${BASE_URL}</arg>
<arg>${BROWSER}</arg>
<doc>Opens a new browser instance to the optional ``url``.</doc>
<status status="PASS" start="2025-07-10T14:39:56.157755" elapsed="10.821114"/>
</kw>
<kw name="Login User" owner="login_page">
<kw name="Input Username" owner="login_page">
<kw name="Input Text" owner="SeleniumLibrary">
<msg time="2025-07-10T14:40:06.980876" level="INFO">Typing text 'admin' into text field 'id=id_username'.</msg>
<arg>${INPUT_USERNAME}</arg>
<arg>${USERNAME}</arg>
<doc>Types the given ``text`` into the text field identified by ``locator``.</doc>
<status status="PASS" start="2025-07-10T14:40:06.980876" elapsed="0.097120"/>
</kw>
<arg>${USERNAME}</arg>
<status status="PASS" start="2025-07-10T14:40:06.979876" elapsed="0.098120"/>
</kw>
<kw name="Input Password" owner="login_page">
<kw name="Input Text" owner="SeleniumLibrary">
<msg time="2025-07-10T14:40:07.077996" level="INFO">Typing text 'demoadmin' into text field 'id=id_password'.</msg>
<arg>${INPUT_PASSWORD}</arg>
<arg>${PASSWORD}</arg>
<doc>Types the given ``text`` into the text field identified by ``locator``.</doc>
<status status="PASS" start="2025-07-10T14:40:07.077996" elapsed="0.073198"/>
</kw>
<arg>${PASSWORD}</arg>
<status status="PASS" start="2025-07-10T14:40:07.077996" elapsed="0.073198"/>
</kw>
<kw name="Click Login" owner="login_page">
<kw name="Click Button" owner="SeleniumLibrary">
<msg time="2025-07-10T14:40:07.152198" level="INFO">Clicking button 'xpath=//form/button'.</msg>
<arg>${BUTTON_LOGIN}</arg>
<doc>Clicks the button identified by ``locator``.</doc>
<status status="PASS" start="2025-07-10T14:40:07.152198" elapsed="0.052735"/>
</kw>
<status status="PASS" start="2025-07-10T14:40:07.151194" elapsed="0.053739"/>
</kw>
<arg>${USERNAME_ADMIN}</arg>
<arg>${PASSWORD_ADMIN}</arg>
<status status="PASS" start="2025-07-10T14:40:06.978869" elapsed="0.226064"/>
</kw>
<kw name="Go To Categories" owner="categories">
<kw name="Get WebElements" owner="SeleniumLibrary">
<msg time="2025-07-10T14:40:07.212918" level="INFO">${LIST_TITLE_CATEGORIES} = []</msg>
<var>${LIST_TITLE_CATEGORIES}</var>
<arg>${CATEGORIES_TITLE_LOCATOR}</arg>
<doc>Returns a list of WebElement objects matching the ``locator``.</doc>
<status status="PASS" start="2025-07-10T14:40:07.204933" elapsed="0.007985"/>
</kw>
<for flavor="IN">
<iter>
<kw name="Get Text" owner="SeleniumLibrary">
<var>${TITLE}</var>
<arg>${E_TITLE}</arg>
<doc>Returns the text value of the element identified by ``locator``.</doc>
<status status="NOT RUN" start="2025-07-10T14:40:07.213920" elapsed="0.000000"/>
</kw>
<if>
<branch type="IF" condition="'${TITLE}' == '${TITLE_CATEGORIES}'">
<kw name="Click Element" owner="SeleniumLibrary">
<arg>${E_TITLE}</arg>
<doc>Click the element identified by ``locator``.</doc>
<status status="NOT RUN" start="2025-07-10T14:40:07.213920" elapsed="0.000000"/>
</kw>
<status status="NOT RUN" start="2025-07-10T14:40:07.213920" elapsed="0.000000"/>
</branch>
<status status="NOT RUN" start="2025-07-10T14:40:07.213920" elapsed="0.001000"/>
</if>
<var name="${E_TITLE}"/>
<status status="NOT RUN" start="2025-07-10T14:40:07.213920" elapsed="0.001000"/>
</iter>
<var>${E_TITLE}</var>
<value>@{LIST_TITLE_CATEGORIES}</value>
<status status="NOT RUN" start="2025-07-10T14:40:07.212918" elapsed="0.002002"/>
</for>
<arg>Học Phần</arg>
<doc>Navigate to the categories page</doc>
<status status="PASS" start="2025-07-10T14:40:07.204933" elapsed="0.009987"/>
</kw>
<kw name="View Detail Course" owner="all_courses_page">
<kw name="Get WebElements" owner="SeleniumLibrary">
<msg time="2025-07-10T14:40:10.016996" level="INFO">${rows} = []</msg>
<var>${rows}</var>
<arg>//table//tr/td[2]</arg>
<doc>Returns a list of WebElement objects matching the ``locator``.</doc>
<status status="PASS" start="2025-07-10T14:40:07.216920" elapsed="2.800076"/>
</kw>
<for flavor="IN">
<iter>
<kw name="Get Text" owner="SeleniumLibrary">
<var>${text}</var>
<arg>${row}</arg>
<doc>Returns the text value of the element identified by ``locator``.</doc>
<status status="NOT RUN" start="2025-07-10T14:40:10.016996" elapsed="0.000000"/>
</kw>
<if>
<branch type="IF" condition="'${COURSE_NAME}' == '${text}'">
<kw name="Set Variable" owner="BuiltIn">
<var>${XPATH_COURSE_NAME}</var>
<arg>//tr[td[contains(., '${COURSE_NAME}')]]//a[contains(@class, 'btn-info')]</arg>
<doc>Returns the given values which can then be assigned to a variables.</doc>
<status status="NOT RUN" start="2025-07-10T14:40:10.017993" elapsed="0.000000"/>
</kw>
<kw name="Wait Until Element Is Visible" owner="SeleniumLibrary">
<arg>xpath=${XPATH_COURSE_NAME}</arg>
<doc>Waits until the element ``locator`` is visible.</doc>
<status status="NOT RUN" start="2025-07-10T14:40:10.017993" elapsed="0.000000"/>
</kw>
<kw name="Click Element" owner="SeleniumLibrary">
<arg>xpath=${XPATH_COURSE_NAME}</arg>
<doc>Click the element identified by ``locator``.</doc>
<status status="NOT RUN" start="2025-07-10T14:40:10.017993" elapsed="0.000000"/>
</kw>
<break>
<status status="NOT RUN" start="2025-07-10T14:40:10.017993" elapsed="0.000000"/>
</break>
<status status="NOT RUN" start="2025-07-10T14:40:10.017993" elapsed="0.000000"/>
</branch>
<status status="NOT RUN" start="2025-07-10T14:40:10.017993" elapsed="0.000000"/>
</if>
<var name="${row}"/>
<status status="NOT RUN" start="2025-07-10T14:40:10.016996" elapsed="0.000997"/>
</iter>
<var>${row}</var>
<value>@{rows}</value>
<status status="NOT RUN" start="2025-07-10T14:40:10.016996" elapsed="0.001540"/>
</for>
<arg>${COURSE_NAME}</arg>
<status status="PASS" start="2025-07-10T14:40:07.215919" elapsed="2.802617"/>
</kw>
<kw name="Open Add Assessment Form" owner="course_detail_page">
<kw name="Click Button" owner="SeleniumLibrary">
<msg time="2025-07-10T14:40:10.019528" level="INFO">Clicking button 'xpath=//a[contains(., 'Thêm bài kiểm tra')]'.</msg>
<msg time="2025-07-10T14:40:10.137932" level="INFO" html="true">&lt;/td&gt;&lt;/tr&gt;&lt;tr&gt;&lt;td colspan="3"&gt;&lt;a href="selenium-screenshot-2.png"&gt;&lt;img src="selenium-screenshot-2.png" width="800px"&gt;&lt;/a&gt;</msg>
<msg time="2025-07-10T14:40:10.137932" level="FAIL">Button with locator 'xpath=//a[contains(., 'Thêm bài kiểm tra')]' not found.</msg>
<arg>${ADD_ASSESSMENT_BUTTON}</arg>
<doc>Clicks the button identified by ``locator``.</doc>
<status status="FAIL" start="2025-07-10T14:40:10.018536" elapsed="0.122105">Button with locator 'xpath=//a[contains(., 'Thêm bài kiểm tra')]' not found.</status>
</kw>
<kw name="Wait Until Page Contains Element" owner="SeleniumLibrary">
<arg>${TITLE_COURSE_DETAIL}</arg>
<doc>Waits until the element ``locator`` appears on the current page.</doc>
<status status="NOT RUN" start="2025-07-10T14:40:10.141641" elapsed="0.000000"/>
</kw>
<status status="FAIL" start="2025-07-10T14:40:10.018536" elapsed="0.123105">Button with locator 'xpath=//a[contains(., 'Thêm bài kiểm tra')]' not found.</status>
</kw>
<kw name="Fill Assessment Form" owner="add_assessment_page">
<arg>Assessment 1</arg>
<arg>Đánh giá thường xuyên</arg>
<arg>20%</arg>
<arg>Written Paper</arg>
<arg>60</arg>
<arg>100</arg>
<arg>50</arg>
<arg>Active</arg>
<status status="NOT RUN" start="2025-07-10T14:40:10.141641" elapsed="0.000000"/>
</kw>
<kw name="Is Assessment Button Visible" owner="course_detail_page">
<var>${IS_VISIBLE}</var>
<doc>Kiểm tra nút thêm đánh giá có hiển thị trên màn hình hay không, trả về Boolean</doc>
<status status="NOT RUN" start="2025-07-10T14:40:10.142638" elapsed="0.000000"/>
</kw>
<kw name="Should Be True" owner="BuiltIn">
<arg>${IS_VISIBLE}</arg>
<arg>Nút "Thêm bài kiểm tra" không hiển thị sau khi thêm đánh giá thành công</arg>
<doc>Fails if the given condition is not true.</doc>
<status status="NOT RUN" start="2025-07-10T14:40:10.142638" elapsed="0.000000"/>
</kw>
<kw name="Get Name Assessment In Table" owner="course_detail_page">
<var>${NAME_COURSE_TABLE}</var>
<doc>Lấy tên đánh giá trong bảng</doc>
<status status="NOT RUN" start="2025-07-10T14:40:10.142638" elapsed="0.000999"/>
</kw>
<kw name="Should Be Equal As Strings" owner="BuiltIn">
<arg>${NAME_COURSE_TABLE}</arg>
<arg>Assessment 1</arg>
<arg>Tên bài kiểm tra không khớp với tên đã thêm</arg>
<arg>strip_spaces=True</arg>
<doc>Fails if objects are unequal after converting them to strings.</doc>
<status status="NOT RUN" start="2025-07-10T14:40:10.143637" elapsed="0.000000"/>
</kw>
<kw name="Get Loai Danh Gia In Table" owner="course_detail_page">
<var>${LOAI_DANH_GIA_TABLE}</var>
<doc>Lấy loại đánh giá trong bảng</doc>
<status status="NOT RUN" start="2025-07-10T14:40:10.143637" elapsed="0.000000"/>
</kw>
<kw name="Should Be Equal As Strings" owner="BuiltIn">
<arg>${LOAI_DANH_GIA_TABLE}</arg>
<arg>Đánh giá thường xuyên</arg>
<arg>Loại đánh giá không khớp với loại đã thêm</arg>
<arg>strip_spaces=True</arg>
<doc>Fails if objects are unequal after converting them to strings.</doc>
<status status="NOT RUN" start="2025-07-10T14:40:10.143637" elapsed="0.000000"/>
</kw>
<kw name="Get Ty Trong In Table" owner="course_detail_page">
<var>${TY_TRONG_TABLE}</var>
<doc>Lấy tỷ trọng trong bảng</doc>
<status status="NOT RUN" start="2025-07-10T14:40:10.143637" elapsed="0.000000"/>
</kw>
<kw name="Should Be Equal As Strings" owner="BuiltIn">
<arg>${TY_TRONG_TABLE}</arg>
<arg>20%</arg>
<arg>Tỷ trọng không khớp với tỷ trọng đã thêm</arg>
<arg>strip_spaces=True</arg>
<doc>Fails if objects are unequal after converting them to strings.</doc>
<status status="NOT RUN" start="2025-07-10T14:40:10.143637" elapsed="0.000000"/>
</kw>
<kw name="Get Thoi Gian In Table" owner="course_detail_page">
<var>${THOI_GIAN_TABLE}</var>
<doc>Lấy thời gian trong bảng</doc>
<status status="NOT RUN" start="2025-07-10T14:40:10.144637" elapsed="0.000000"/>
</kw>
<kw name="Should Be Equal As Strings" owner="BuiltIn">
<arg>${THOI_GIAN_TABLE}</arg>
<arg>60 phút</arg>
<arg>Thời gian không khớp với thời gian đã thêm</arg>
<arg>strip_spaces=True</arg>
<doc>Fails if objects are unequal after converting them to strings.</doc>
<status status="NOT RUN" start="2025-07-10T14:40:10.144637" elapsed="0.000000"/>
</kw>
<kw name="Get Trang Thai In Table" owner="course_detail_page">
<var>${TRANG_THAI_TABLE}</var>
<doc>Lấy trạng thái trong bảng</doc>
<status status="NOT RUN" start="2025-07-10T14:40:10.144637" elapsed="0.000000"/>
</kw>
<kw name="Should Be Equal As Strings" owner="BuiltIn">
<arg>${TRANG_THAI_TABLE}</arg>
<arg>Hoạt động</arg>
<arg>Trạng thái không khớp với trạng thái đã thêm</arg>
<arg>strip_spaces=True</arg>
<doc>Fails if objects are unequal after converting them to strings.</doc>
<status status="NOT RUN" start="2025-07-10T14:40:10.144637" elapsed="0.000000"/>
</kw>
<doc>Test case to add an assessment</doc>
<status status="FAIL" start="2025-07-10T14:39:56.156769" elapsed="13.987868">Button with locator 'xpath=//a[contains(., 'Thêm bài kiểm tra')]' not found.</status>
</test>
<status status="FAIL" start="2025-07-10T14:39:55.881986" elapsed="14.263651"/>
</suite>
<statistics>
<total>
<stat pass="0" fail="1" skip="0">All Tests</stat>
</total>
<tag>
</tag>
<suite>
<stat name="Add Assessment Test" id="s1" pass="0" fail="1" skip="0">Add Assessment Test</stat>
</suite>
</statistics>
<errors>
<msg time="2025-07-10T14:39:56.152749" level="WARN">Error in file 'd:\Training_Auto\project_clo\pages\page_object\course_detail_page.robot' on line 16: The '[Return]' setting is deprecated. Use the 'RETURN' statement instead.</msg>
</errors>
</robot>
